Using pre-set license
Built from '2020.3/staging' branch; Version is '2020.3.14f1 (d0d1bb862f9d) revision 13685179'; Using compiler version '192528614'; Build Type 'Release'
OS: 'Windows 10 Pro; OS build 19042.1110; Version 2009; 64bit' Language: 'ru' Physical Memory: 4042 MB
BatchMode: 1, IsHumanControllingUs: 0, StartBugReporterOnCrash: 0, Is64bit: 1, IsPro: 0

 COMMAND LINE ARGUMENTS:
C:\Program Files\UnityVersions\Editor\Unity.exe
-adb2
-batchMode
-noUpm
-name
AssetImportWorker0
-projectPath
C:/Users/Egor Volkov/Documents/GitHub/MLAPI-test
-logFile
Logs/AssetImportWorker0.log
-srvPort
58397
Successfully changed project path to: C:/Users/Egor Volkov/Documents/GitHub/MLAPI-test
C:/Users/Egor Volkov/Documents/GitHub/MLAPI-test
Using Asset Import Pipeline V2.
Refreshing native plugins compatible for Editor in 190.06 ms, found 5 plugins.
Preloading 0 native plugins for Editor in 0.00 ms.
Initialize engine version: 2020.3.14f1 (d0d1bb862f9d)
[Subsystems] Discovering subsystems at path C:/Program Files/UnityVersions/Editor/Data/Resources/UnitySubsystems
[Subsystems] Discovering subsystems at path C:/Users/Egor Volkov/Documents/GitHub/MLAPI-test/Assets
GfxDevice: creating device client; threaded=0
Direct3D:
    Version:  Direct3D 11.0 [level 11.0]
    Renderer: NVIDIA GeForce GTS 450 (ID=0x1245)
    Vendor:   
    VRAM:     979 MB
    Driver:   23.21.13.8813
Initialize mono
Mono path[0] = 'C:/Program Files/UnityVersions/Editor/Data/Managed'
Mono path[1] = 'C:/Program Files/UnityVersions/Editor/Data/MonoBleedingEdge/lib/mono/unityjit'
Mono config path = 'C:/Program Files/UnityVersions/Editor/Data/MonoBleedingEdge/etc'
Using monoOptions --debugger-agent=transport=dt_socket,embedding=1,server=y,suspend=n,address=127.0.0.1:56224
Begin MonoManager ReloadAssembly
Registering precompiled unity dll's ...
Register platform support module: C:/Program Files/UnityVersions/Editor/Data/PlaybackEngines/WindowsStandaloneSupport/UnityEditor.WindowsStandalone.Extensions.dll
Registered in 0.005627 seconds.
Native extension for WindowsStandalone target not found
Refreshing native plugins compatible for Editor in 284.29 ms, found 5 plugins.
Preloading 0 native plugins for Editor in 0.00 ms.
Mono: successfully reloaded assembly
- Completed reload, in  4.059 seconds
Domain Reload Profiling:
	ReloadAssembly (4060ms)
		BeginReloadAssembly (94ms)
			ExecutionOrderSort (0ms)
			DisableScriptedObjects (0ms)
			BackupInstance (0ms)
			ReleaseScriptingObjects (0ms)
			CreateAndSetChildDomain (1ms)
		EndReloadAssembly (1909ms)
			LoadAssemblies (91ms)
			RebuildTransferFunctionScriptingTraits (0ms)
			SetupTypeCache (549ms)
			ReleaseScriptCaches (0ms)
			RebuildScriptCaches (69ms)
			SetupLoadedEditorAssemblies (797ms)
				LogAssemblyErrors (0ms)
				InitializePlatformSupportModulesInManaged (8ms)
				SetLoadedEditorAssemblies (1ms)
				RefreshPlugins (284ms)
				BeforeProcessingInitializeOnLoad (62ms)
				ProcessInitializeOnLoadAttributes (354ms)
				ProcessInitializeOnLoadMethodAttributes (87ms)
				AfterProcessingInitializeOnLoad (0ms)
				EditorAssembliesLoaded (1ms)
			ExecutionOrderSort2 (0ms)
			AwakeInstancesAfterBackupRestoration (0ms)
Platform modules already initialized, skipping
Registering precompiled user dll's ...
Registered in 0.038020 seconds.
Begin MonoManager ReloadAssembly
Native extension for WindowsStandalone target not found
Refreshing native plugins compatible for Editor in 1446.51 ms, found 5 plugins.
Preloading 0 native plugins for Editor in 0.00 ms.
Mono: successfully reloaded assembly
- Completed reload, in 11.262 seconds
Domain Reload Profiling:
	ReloadAssembly (11264ms)
		BeginReloadAssembly (344ms)
			ExecutionOrderSort (0ms)
			DisableScriptedObjects (6ms)
			BackupInstance (0ms)
			ReleaseScriptingObjects (1ms)
			CreateAndSetChildDomain (34ms)
		EndReloadAssembly (10751ms)
			LoadAssemblies (384ms)
			RebuildTransferFunctionScriptingTraits (0ms)
			SetupTypeCache (3892ms)
			ReleaseScriptCaches (1ms)
			RebuildScriptCaches (245ms)
			SetupLoadedEditorAssemblies (5718ms)
				LogAssemblyErrors (0ms)
				InitializePlatformSupportModulesInManaged (19ms)
				SetLoadedEditorAssemblies (3ms)
				RefreshPlugins (1447ms)
				BeforeProcessingInitializeOnLoad (408ms)
				ProcessInitializeOnLoadAttributes (3235ms)
				ProcessInitializeOnLoadMethodAttributes (593ms)
				AfterProcessingInitializeOnLoad (13ms)
				EditorAssembliesLoaded (1ms)
			ExecutionOrderSort2 (0ms)
			AwakeInstancesAfterBackupRestoration (20ms)
Platform modules already initialized, skipping
========================================================================
Worker process is ready to serve import requests
Launched and connected shader compiler UnityShaderCompiler.exe after 6.54 seconds
D3D shader create error for vertex shader [0x80070057]
D3D shader create error for pixel shader [0x80070057]
D3D shader create error for vertex shader [0x80070057]
D3D shader create error for vertex shader [0x80070057]
D3D shader create error for vertex shader [0x80070057]
D3D shader create error for domain shader [0x80070057]
D3D shader create error for domain shader [0x80070057]
Refreshing native plugins compatible for Editor in 2.35 ms, found 5 plugins.
Preloading 0 native plugins for Editor in 0.00 ms.
Unloading 4638 Unused Serialized files (Serialized files now loaded: 0)
System memory in use before: 217.5 MB.
System memory in use after: 217.7 MB.

Unloading 38 unused Assets to reduce memory usage. Loaded Objects now: 5073.
Total: 16.854800 ms (FindLiveObjects: 0.638400 ms CreateObjectMapping: 0.306100 ms MarkObjects: 15.045700 ms  DeleteObjects: 0.520000 ms)

AssetImportParameters requested are different than current active one (requested -> active):
  custom:framework-win-MediaFoundation: 216162199b28c13a410421893ffa2e32 -> 
  custom:video-decoder-ogg-theora: a1e56fd34408186e4bbccfd4996cb3dc -> 
  custom:container-muxer-webm: aa71ff27fc2769a1b78a27578f13a17b -> 
  custom:container-demuxer-webm: 4f35f7cbe854078d1ac9338744f61a02 -> 
  custom:container-demuxer-ogg: 62fdf1f143b41e24485cea50d1cbac27 -> 
  custom:video-encoder-webm-vp8: eb34c28f22e8b96e1ab97ce403110664 -> 
  custom:video-decoder-webm-vp8: 9c59270c3fd7afecdb556c50c9e8de78 -> 
  custom:audio-decoder-ogg-vorbis: bf7c407c2cedff20999df2af8eb42d56 -> 
  custom:audio-encoder-webm-vorbis: bf7c407c2cedff20999df2af8eb42d56 -> 
========================================================================
Received Import Request.
  path: Assets/Scripts/NetworkPlayer.cs
  artifactKey: Guid(46807d7ce96d3ee4f9e21b796eb62a86) Importer(815301076,1909f56bfc062723c751e8b465ee728b)
Start importing Assets/Scripts/NetworkPlayer.cs using Guid(46807d7ce96d3ee4f9e21b796eb62a86) Importer(815301076,1909f56bfc062723c751e8b465ee728b)  -> (artifact id: '96e319584927648a246e290e85bde1e6') in 0.078353 seconds 
  Import took 0.092565 seconds .

========================================================================
Received Prepare
Registering precompiled user dll's ...
Registered in 0.050652 seconds.
Begin MonoManager ReloadAssembly
Native extension for WindowsStandalone target not found
Refreshing native plugins compatible for Editor in 1.25 ms, found 5 plugins.
Preloading 0 native plugins for Editor in 0.00 ms.
Mono: successfully reloaded assembly
- Completed reload, in  3.839 seconds
Domain Reload Profiling:
	ReloadAssembly (3853ms)
		BeginReloadAssembly (1392ms)
			ExecutionOrderSort (0ms)
			DisableScriptedObjects (166ms)
			BackupInstance (0ms)
			ReleaseScriptingObjects (1ms)
			CreateAndSetChildDomain (849ms)
		EndReloadAssembly (2351ms)
			LoadAssemblies (392ms)
			RebuildTransferFunctionScriptingTraits (1ms)
			SetupTypeCache (638ms)
			ReleaseScriptCaches (2ms)
			RebuildScriptCaches (108ms)
			SetupLoadedEditorAssemblies (913ms)
				LogAssemblyErrors (0ms)
				InitializePlatformSupportModulesInManaged (12ms)
				SetLoadedEditorAssemblies (1ms)
				RefreshPlugins (1ms)
				BeforeProcessingInitializeOnLoad (188ms)
				ProcessInitializeOnLoadAttributes (693ms)
				ProcessInitializeOnLoadMethodAttributes (9ms)
				AfterProcessingInitializeOnLoad (9ms)
				EditorAssembliesLoaded (0ms)
			ExecutionOrderSort2 (0ms)
			AwakeInstancesAfterBackupRestoration (21ms)
Platform modules already initialized, skipping
D3D shader create error for vertex shader [0x80070057]
D3D shader create error for pixel shader [0x80070057]
D3D shader create error for vertex shader [0x80070057]
D3D shader create error for vertex shader [0x80070057]
D3D shader create error for vertex shader [0x80070057]
D3D shader create error for domain shader [0x80070057]
D3D shader create error for domain shader [0x80070057]
Refreshing native plugins compatible for Editor in 1.14 ms, found 5 plugins.
Preloading 0 native plugins for Editor in 0.00 ms.
Unloading 4345 Unused Serialized files (Serialized files now loaded: 0)
System memory in use before: 201.0 MB.
System memory in use after: 201.3 MB.

Unloading 31 unused Assets to reduce memory usage. Loaded Objects now: 5083.
Total: 6.368600 ms (FindLiveObjects: 0.403500 ms CreateObjectMapping: 0.223600 ms MarkObjects: 5.241500 ms  DeleteObjects: 0.498100 ms)

AssetImportParameters requested are different than current active one (requested -> active):
  custom:framework-win-MediaFoundation: 216162199b28c13a410421893ffa2e32 -> 
  custom:video-decoder-ogg-theora: a1e56fd34408186e4bbccfd4996cb3dc -> 
  custom:container-muxer-webm: aa71ff27fc2769a1b78a27578f13a17b -> 
  custom:container-demuxer-webm: 4f35f7cbe854078d1ac9338744f61a02 -> 
  custom:container-demuxer-ogg: 62fdf1f143b41e24485cea50d1cbac27 -> 
  custom:video-encoder-webm-vp8: eb34c28f22e8b96e1ab97ce403110664 -> 
  custom:video-decoder-webm-vp8: 9c59270c3fd7afecdb556c50c9e8de78 -> 
  custom:audio-decoder-ogg-vorbis: bf7c407c2cedff20999df2af8eb42d56 -> 
  custom:audio-encoder-webm-vorbis: bf7c407c2cedff20999df2af8eb42d56 -> 
========================================================================
Received Import Request.
  Time since last request: 10793.201866 seconds.
  path: Assets/Scenes
  artifactKey: Guid(302200eedb6c83641bc4c8953dd75b6f) Importer(815301076,1909f56bfc062723c751e8b465ee728b)
Start importing Assets/Scenes using Guid(302200eedb6c83641bc4c8953dd75b6f) Importer(815301076,1909f56bfc062723c751e8b465ee728b)  -> (artifact id: '032645c2540b48b9dc5d74cf7269bbc8') in 0.022251 seconds 
  Import took 0.033639 seconds .

========================================================================
Received Import Request.
  Time since last request: 0.001000 seconds.
  path: Assets/InputManager.inputactions
  artifactKey: Guid(9a2a3d50925ac904fb35dd869623dbbd) Importer(815301076,1909f56bfc062723c751e8b465ee728b)
Start importing Assets/InputManager.inputactions using Guid(9a2a3d50925ac904fb35dd869623dbbd) Importer(815301076,1909f56bfc062723c751e8b465ee728b)  -> (artifact id: 'ec52f63efef5eeabe9569c99523f5353') in 0.160839 seconds 
  Import took 0.174291 seconds .

========================================================================
Received Import Request.
  Time since last request: 0.000305 seconds.
  path: Assets/Scenes/Game.unity
  artifactKey: Guid(d210990c1afc6a14a9be551c1d9a0f45) Importer(815301076,1909f56bfc062723c751e8b465ee728b)
Start importing Assets/Scenes/Game.unity using Guid(d210990c1afc6a14a9be551c1d9a0f45) Importer(815301076,1909f56bfc062723c751e8b465ee728b)  -> (artifact id: '86517b8bd7efd404c546d5760f66b6fb') in 0.015777 seconds 
  Import took 0.030303 seconds .

========================================================================
Received Import Request.
  Time since last request: 0.000338 seconds.
  path: Assets/InputSystem.inputsettings.asset
  artifactKey: Guid(dc4b3de8d75cf8b408cb0d9179238cf7) Importer(815301076,1909f56bfc062723c751e8b465ee728b)
Start importing Assets/InputSystem.inputsettings.asset using Guid(dc4b3de8d75cf8b408cb0d9179238cf7) Importer(815301076,1909f56bfc062723c751e8b465ee728b)  -> (artifact id: 'faf38ba59afab439b5951d44317f91b7') in 0.015194 seconds 
  Import took 0.025853 seconds .

========================================================================
Received Import Request.
  Time since last request: 0.000247 seconds.
  path: Assets/New Terrain Material 1.mat
  artifactKey: Guid(07400c6ddb29e1a48a3f28f3cf7adfb5) Importer(815301076,1909f56bfc062723c751e8b465ee728b)
Start importing Assets/New Terrain Material 1.mat using Guid(07400c6ddb29e1a48a3f28f3cf7adfb5) Importer(815301076,1909f56bfc062723c751e8b465ee728b) Launched and connected shader compiler UnityShaderCompiler.exe after 0.10 seconds
Launched and connected shader compiler UnityShaderCompiler.exe after 0.07 seconds
Launched and connected shader compiler UnityShaderCompiler.exe after 0.08 seconds
 -> (artifact id: 'b70ea79063ccdd3411251a4fa8fd1cdf') in 3.170635 seconds 
  Import took 3.192994 seconds .

========================================================================
Received Import Request.
  Time since last request: 1226.423502 seconds.
  path: Assets/Prefabs
  artifactKey: Guid(8cf92329b5371214094605e75bf541f2) Importer(815301076,1909f56bfc062723c751e8b465ee728b)
Start importing Assets/Prefabs using Guid(8cf92329b5371214094605e75bf541f2) Importer(815301076,1909f56bfc062723c751e8b465ee728b)  -> (artifact id: '4ab190f16dcbb5760f334ff59be8ad7e') in 0.014720 seconds 
  Import took 0.039725 seconds .

========================================================================
Received Import Request.
  Time since last request: 0.010595 seconds.
  path: Assets/Prefabs
  artifactKey: Guid(8cf92329b5371214094605e75bf541f2) Importer(815301076,1909f56bfc062723c751e8b465ee728b)
Start importing Assets/Prefabs using Guid(8cf92329b5371214094605e75bf541f2) Importer(815301076,1909f56bfc062723c751e8b465ee728b)  -> (artifact id: '4ab190f16dcbb5760f334ff59be8ad7e') in 0.006043 seconds 
  Import took 0.018202 seconds .

========================================================================
Received Import Request.
  Time since last request: 3.118889 seconds.
  path: Assets/Prefabs/Game
  artifactKey: Guid(3d5d4f95c8753d5498ad51650fd50ca7) Importer(815301076,1909f56bfc062723c751e8b465ee728b)
Start importing Assets/Prefabs/Game using Guid(3d5d4f95c8753d5498ad51650fd50ca7) Importer(815301076,1909f56bfc062723c751e8b465ee728b)  -> (artifact id: '5754d5771958af387d5196e090ffc38d') in 0.015082 seconds 
  Import took 0.027336 seconds .

========================================================================
Received Import Request.
  Time since last request: 0.034753 seconds.
  path: Assets/Prefabs/Game/Camera.prefab
  artifactKey: Guid(fc0f28f43365b4e40b2faeb62372ec9e) Importer(815301076,1909f56bfc062723c751e8b465ee728b)
Start importing Assets/Prefabs/Game/Camera.prefab using Guid(fc0f28f43365b4e40b2faeb62372ec9e) Importer(815301076,1909f56bfc062723c751e8b465ee728b)  -> (artifact id: '50eda834a00c23f293e8f211d29de5ed') in 0.276441 seconds 
  Import took 0.286154 seconds .

========================================================================
Received Import Request.
  Time since last request: 0.000388 seconds.
  path: Assets/Prefabs/Game/NetworkPlayer.prefab
  artifactKey: Guid(4e038d1b4496e7c4ead909680f564f34) Importer(815301076,1909f56bfc062723c751e8b465ee728b)
Start importing Assets/Prefabs/Game/NetworkPlayer.prefab using Guid(4e038d1b4496e7c4ead909680f564f34) Importer(815301076,1909f56bfc062723c751e8b465ee728b)  -> (artifact id: 'ada71b4e60f65ad2cdd27444e78fcd4a') in 0.223546 seconds 
  Import took 0.240097 seconds .

========================================================================
Received Import Request.
  Time since last request: 0.000256 seconds.
  path: Assets/Prefabs/Game/City.prefab
  artifactKey: Guid(5a935acec86de4b46a270907183c5772) Importer(815301076,1909f56bfc062723c751e8b465ee728b)
Start importing Assets/Prefabs/Game/City.prefab using Guid(5a935acec86de4b46a270907183c5772) Importer(815301076,1909f56bfc062723c751e8b465ee728b)  -> (artifact id: '97a22436d46943c255c275387ee701dd') in 0.878610 seconds 
  Import took 0.895620 seconds .

========================================================================
Received Import Request.
  Time since last request: 0.001070 seconds.
  path: Assets/Prefabs/Game/CowboyCivilian.prefab
  artifactKey: Guid(8431c994dfc3ec44687e92417b1d8cb2) Importer(815301076,1909f56bfc062723c751e8b465ee728b)
Start importing Assets/Prefabs/Game/CowboyCivilian.prefab using Guid(8431c994dfc3ec44687e92417b1d8cb2) Importer(815301076,1909f56bfc062723c751e8b465ee728b)  -> (artifact id: '7b7a6bc60f5cd334dea1d7108498b786') in 0.305222 seconds 
  Import took 0.319223 seconds .

========================================================================
Received Import Request.
  Time since last request: 0.000901 seconds.
  path: Assets/Prefabs/Game/GameController.prefab
  artifactKey: Guid(bd51da9ea2f0cb44b993f17a5e5a2790) Importer(815301076,1909f56bfc062723c751e8b465ee728b)
Start importing Assets/Prefabs/Game/GameController.prefab using Guid(bd51da9ea2f0cb44b993f17a5e5a2790) Importer(815301076,1909f56bfc062723c751e8b465ee728b)  -> (artifact id: '84a38fdd3772519915c47d896b8df98e') in 0.022517 seconds 
  Import took 0.036602 seconds .

========================================================================
Received Import Request.
  Time since last request: 32.444479 seconds.
  path: Assets/Prefabs/Game/Quest
  artifactKey: Guid(d9b1c5eebce30ea4a940165c7327bc84) Importer(815301076,1909f56bfc062723c751e8b465ee728b)
Start importing Assets/Prefabs/Game/Quest using Guid(d9b1c5eebce30ea4a940165c7327bc84) Importer(815301076,1909f56bfc062723c751e8b465ee728b)  -> (artifact id: 'c7e9d0bddcd953d704449e1f389c19c5') in 0.011817 seconds 
  Import took 0.023142 seconds .

========================================================================
Received Import Request.
  Time since last request: 5.400525 seconds.
  path: Assets/Prefabs/Game/Quest/QuestNote.prefab
  artifactKey: Guid(51ce27bf7f8dca448b2cc1cb73929c0c) Importer(815301076,1909f56bfc062723c751e8b465ee728b)
Start importing Assets/Prefabs/Game/Quest/QuestNote.prefab using Guid(51ce27bf7f8dca448b2cc1cb73929c0c) Importer(815301076,1909f56bfc062723c751e8b465ee728b)  -> (artifact id: '7da35f289204af1a3c6e13cda8687b20') in 0.215563 seconds 
  Import took 0.226613 seconds .

========================================================================
Received Import Request.
  Time since last request: 9.472567 seconds.
  path: Assets/Prefabs/Game/Quest/QuestNote.prefab
  artifactKey: Guid(51ce27bf7f8dca448b2cc1cb73929c0c) Importer(815301076,1909f56bfc062723c751e8b465ee728b)
Start importing Assets/Prefabs/Game/Quest/QuestNote.prefab using Guid(51ce27bf7f8dca448b2cc1cb73929c0c) Importer(815301076,1909f56bfc062723c751e8b465ee728b)  -> (artifact id: '9c7c6346bb6372c8c6efc307460ce7dd') in 0.051577 seconds 
  Import took 0.064987 seconds .

========================================================================
Received Import Request.
  Time since last request: 38.093115 seconds.
  path: Assets/Prefabs/Game/NetworkPlayer.prefab
  artifactKey: Guid(4e038d1b4496e7c4ead909680f564f34) Importer(815301076,1909f56bfc062723c751e8b465ee728b)
Start importing Assets/Prefabs/Game/NetworkPlayer.prefab using Guid(4e038d1b4496e7c4ead909680f564f34) Importer(815301076,1909f56bfc062723c751e8b465ee728b)  -> (artifact id: '3ae8489a331a40c510dbcaf2ed86e020') in 0.020380 seconds 
  Import took 0.033321 seconds .

========================================================================
Received Import Request.
  Time since last request: 0.028091 seconds.
  path: Assets/Prefabs/Game/NetworkPlayer.prefab
  artifactKey: Guid(4e038d1b4496e7c4ead909680f564f34) Importer(815301076,1909f56bfc062723c751e8b465ee728b)
Start importing Assets/Prefabs/Game/NetworkPlayer.prefab using Guid(4e038d1b4496e7c4ead909680f564f34) Importer(815301076,1909f56bfc062723c751e8b465ee728b)  -> (artifact id: '3ae8489a331a40c510dbcaf2ed86e020') in 0.024549 seconds 
  Import took 0.034558 seconds .

========================================================================
Received Import Request.
  Time since last request: 428.809952 seconds.
  path: Assets/Scenes/Lobby.unity
  artifactKey: Guid(af99bc3e57ab15c45bf925597f05121a) Importer(815301076,1909f56bfc062723c751e8b465ee728b)
Start importing Assets/Scenes/Lobby.unity using Guid(af99bc3e57ab15c45bf925597f05121a) Importer(815301076,1909f56bfc062723c751e8b465ee728b)  -> (artifact id: '868e90f31a7aec15ba7c752f76ae2787') in 0.015802 seconds 
  Import took 0.029711 seconds .

========================================================================
Received Import Request.
  Time since last request: 0.058138 seconds.
  path: Assets/Scenes/Lobby.unity
  artifactKey: Guid(af99bc3e57ab15c45bf925597f05121a) Importer(815301076,1909f56bfc062723c751e8b465ee728b)
Start importing Assets/Scenes/Lobby.unity using Guid(af99bc3e57ab15c45bf925597f05121a) Importer(815301076,1909f56bfc062723c751e8b465ee728b)  -> (artifact id: '868e90f31a7aec15ba7c752f76ae2787') in 0.007128 seconds 
  Import took 0.019807 seconds .

========================================================================
Received Prepare
Registering precompiled user dll's ...
Registered in 0.055834 seconds.
Begin MonoManager ReloadAssembly
Native extension for WindowsStandalone target not found
Refreshing native plugins compatible for Editor in 2.33 ms, found 5 plugins.
Preloading 0 native plugins for Editor in 0.00 ms.
Mono: successfully reloaded assembly
- Completed reload, in  4.182 seconds
Domain Reload Profiling:
	ReloadAssembly (4186ms)
		BeginReloadAssembly (1233ms)
			ExecutionOrderSort (0ms)
			DisableScriptedObjects (289ms)
			BackupInstance (0ms)
			ReleaseScriptingObjects (0ms)
			CreateAndSetChildDomain (627ms)
		EndReloadAssembly (2824ms)
			LoadAssemblies (227ms)
			RebuildTransferFunctionScriptingTraits (0ms)
			SetupTypeCache (784ms)
			ReleaseScriptCaches (4ms)
			RebuildScriptCaches (135ms)
			SetupLoadedEditorAssemblies (1087ms)
				LogAssemblyErrors (0ms)
				InitializePlatformSupportModulesInManaged (9ms)
				SetLoadedEditorAssemblies (2ms)
				RefreshPlugins (2ms)
				BeforeProcessingInitializeOnLoad (222ms)
				ProcessInitializeOnLoadAttributes (827ms)
				ProcessInitializeOnLoadMethodAttributes (11ms)
				AfterProcessingInitializeOnLoad (13ms)
				EditorAssembliesLoaded (1ms)
			ExecutionOrderSort2 (0ms)
			AwakeInstancesAfterBackupRestoration (20ms)
Platform modules already initialized, skipping
D3D shader create error for vertex shader [0x80070057]
D3D shader create error for pixel shader [0x80070057]
D3D shader create error for vertex shader [0x80070057]
D3D shader create error for vertex shader [0x80070057]
D3D shader create error for vertex shader [0x80070057]
D3D shader create error for domain shader [0x80070057]
D3D shader create error for domain shader [0x80070057]
Refreshing native plugins compatible for Editor in 1.78 ms, found 5 plugins.
Preloading 0 native plugins for Editor in 0.00 ms.
Unloading 4359 Unused Serialized files (Serialized files now loaded: 0)
System memory in use before: 228.4 MB.
System memory in use after: 228.7 MB.

Unloading 31 unused Assets to reduce memory usage. Loaded Objects now: 5260.
Total: 8.521800 ms (FindLiveObjects: 1.356000 ms CreateObjectMapping: 0.377200 ms MarkObjects: 6.724600 ms  DeleteObjects: 0.061000 ms)

AssetImportParameters requested are different than current active one (requested -> active):
  custom:framework-win-MediaFoundation: 216162199b28c13a410421893ffa2e32 -> 
  custom:video-decoder-ogg-theora: a1e56fd34408186e4bbccfd4996cb3dc -> 
  custom:container-muxer-webm: aa71ff27fc2769a1b78a27578f13a17b -> 
  custom:container-demuxer-webm: 4f35f7cbe854078d1ac9338744f61a02 -> 
  custom:container-demuxer-ogg: 62fdf1f143b41e24485cea50d1cbac27 -> 
  custom:video-encoder-webm-vp8: eb34c28f22e8b96e1ab97ce403110664 -> 
  custom:video-decoder-webm-vp8: 9c59270c3fd7afecdb556c50c9e8de78 -> 
  custom:audio-decoder-ogg-vorbis: bf7c407c2cedff20999df2af8eb42d56 -> 
  custom:audio-encoder-webm-vorbis: bf7c407c2cedff20999df2af8eb42d56 -> 
